2021-11-20 03:15:52:1552 [32minfo[39m: [32mdevelopment server listening on port 4000[39m
2021-11-20 03:18:41:1841 [35mhttp[39m: [35mGET /admin/news 200 61 - 4.326 ms[39m
[35m[39m
2021-11-20 03:18:41:1841 [35mhttp[39m: [35mGET /favicon.ico 200 61 - 0.482 ms[39m
[35m[39m
2021-11-20 03:20:57:2057 [32minfo[39m: [32mdevelopment server listening on port 4000[39m
2021-11-20 03:21:57:2157 [32minfo[39m: [32mdevelopment server listening on port 4000[39m
2021-11-20 03:22:00:220 [35mhttp[39m: [35mPOST /auth/login 200 2 - 4.084 ms[39m
[35m[39m
2021-11-20 03:23:43:2343 [32minfo[39m: [32mdevelopment server listening on port 4000[39m
2021-11-20 03:23:47:2347 [35mhttp[39m: [35mPOST /auth/login 200 2 - 2.915 ms[39m
[35m[39m
2021-11-20 03:24:32:2432 [32minfo[39m: [32mdevelopment server listening on port 4000[39m
2021-11-20 03:24:39:2439 [35mhttp[39m: [35mPOST /auth/login 200 61 - 3.920 ms[39m
[35m[39m
2021-11-20 03:25:22:2522 [32minfo[39m: [32mdevelopment server listening on port 4000[39m
2021-11-20 03:25:25:2525 [35mhttp[39m: [35mPOST /auth/login 200 2 - 5.177 ms[39m
[35m[39m
2021-11-20 03:25:45:2545 [35mhttp[39m: [35mPOST /auth/login 200 2 - 0.675 ms[39m
[35m[39m
2021-11-20 03:35:33:3533 [32minfo[39m: [32mdevelopment server listening on port 4000[39m
2021-11-20 03:35:38:3538 [35mhttp[39m: [35mPOST /auth/login 200 2 - 13.243 ms[39m
[35m[39m
2021-11-20 03:37:31:3731 [32minfo[39m: [32mdevelopment server listening on port 4000[39m
2021-11-20 03:38:22:3822 [35mhttp[39m: [35mPOST /auth/login 200 2 - 9.493 ms[39m
[35m[39m
2021-11-20 03:38:48:3848 [32minfo[39m: [32mdevelopment server listening on port 4000[39m
2021-11-20 03:38:50:3850 [35mhttp[39m: [35mPOST /auth/login 200 2 - 12.883 ms[39m
[35m[39m
2021-11-20 03:39:11:3911 [32minfo[39m: [32mdevelopment server listening on port 4000[39m
2021-11-20 03:39:13:3913 [35mhttp[39m: [35mPOST /auth/login 200 2 - 7.881 ms[39m
[35m[39m
2021-11-20 03:40:51:4051 [32minfo[39m: [32mdevelopment server listening on port 4000[39m
2021-11-20 03:40:52:4052 [35mhttp[39m: [35mPOST /auth/login 200 2 - 11.180 ms[39m
[35m[39m
2021-11-20 03:41:46:4146 [32minfo[39m: [32mdevelopment server listening on port 4000[39m
2021-11-20 03:41:48:4148 [35mhttp[39m: [35mPOST /auth/login 200 2 - 12.060 ms[39m
[35m[39m
2021-11-20 03:42:36:4236 [32minfo[39m: [32mdevelopment server listening on port 4000[39m
2021-11-20 03:42:40:4240 [35mhttp[39m: [35mPOST /auth/login 200 2 - 18.247 ms[39m
[35m[39m
2021-11-20 03:43:02:432 [32minfo[39m: [32mdevelopment server listening on port 4000[39m
2021-11-20 03:43:04:434 [35mhttp[39m: [35mPOST /auth/login 200 2 - 10.251 ms[39m
[35m[39m
2021-11-20 03:44:12:4412 [32minfo[39m: [32mdevelopment server listening on port 4000[39m
2021-11-20 03:44:13:4413 [35mhttp[39m: [35mPOST /auth/login 200 2 - 7.379 ms[39m
[35m[39m
2021-11-20 03:44:17:4417 [35mhttp[39m: [35mPOST /auth/login 200 2 - 0.492 ms[39m
[35m[39m
2021-11-20 03:45:16:4516 [32minfo[39m: [32mdevelopment server listening on port 4000[39m
2021-11-20 03:45:22:4522 [35mhttp[39m: [35mPOST /auth/login 200 2 - 9.508 ms[39m
[35m[39m
2021-11-20 03:45:54:4554 [32minfo[39m: [32mdevelopment server listening on port 4000[39m
2021-11-20 03:45:55:4555 [35mhttp[39m: [35mPOST /auth/login 200 2 - 11.875 ms[39m
[35m[39m
2021-11-20 03:46:56:4656 [32minfo[39m: [32mdevelopment server listening on port 4000[39m
2021-11-20 03:46:59:4659 [35mhttp[39m: [35mPOST /auth/login 200 2 - 9.659 ms[39m
[35m[39m
2021-11-20 03:48:22:4822 [32minfo[39m: [32mdevelopment server listening on port 4000[39m
2021-11-20 03:48:24:4824 [35mhttp[39m: [35mPOST /auth/login 200 2 - 8.795 ms[39m
[35m[39m
2021-11-20 03:49:43:4943 [32minfo[39m: [32mdevelopment server listening on port 4000[39m
2021-11-20 03:49:46:4946 [35mhttp[39m: [35mPOST /auth/login 200 250 - 373.365 ms[39m
[35m[39m
